<?xml version="1.0" encoding="UTF-8"?>
<robot generator="Robot 3.0.2 (Python 3.5.2 on win32)" generated="20170327 15:19:17.108">
<suite source="C:\Users\i067382\PycharmProjects\testrobot\mytest.rst" name="Mytest" id="s1">
<test name="User can create an account and log in" id="s1-t1">
<kw name="Create valid user">
<arguments>
<arg>fred</arg>
<arg>P4ssw0rd</arg>
</arguments>
<kw library="LoginLibrary" name="Create User">
<arguments>
<arg>${username}</arg>
<arg>${password}</arg>
</arguments>
<status endtime="20170327 15:19:17.233" starttime="20170327 15:19:17.152" status="PASS"></status>
</kw>
<kw library="LoginLibrary" name="Status Should Be">
<arguments>
<arg>SUCCESS</arg>
</arguments>
<status endtime="20170327 15:19:17.234" starttime="20170327 15:19:17.233" status="PASS"></status>
</kw>
<status endtime="20170327 15:19:17.234" starttime="20170327 15:19:17.152" status="PASS"></status>
</kw>
<kw library="LoginLibrary" name="Attempt To Login With Credentials">
<arguments>
<arg>fred</arg>
<arg>P4ssw0rd</arg>
</arguments>
<status endtime="20170327 15:19:17.311" starttime="20170327 15:19:17.234" status="PASS"></status>
</kw>
<kw library="LoginLibrary" name="Status Should Be">
<arguments>
<arg>Logged In</arg>
</arguments>
<status endtime="20170327 15:19:17.312" starttime="20170327 15:19:17.312" status="PASS"></status>
</kw>
<status critical="yes" endtime="20170327 15:19:17.312" starttime="20170327 15:19:17.151" status="PASS"></status>
</test>
<test name="User cannot log in with bad password" id="s1-t2">
<kw name="Create valid user">
<arguments>
<arg>betty</arg>
<arg>P4ssw0rd</arg>
</arguments>
<kw library="LoginLibrary" name="Create User">
<arguments>
<arg>${username}</arg>
<arg>${password}</arg>
</arguments>
<status endtime="20170327 15:19:17.396" starttime="20170327 15:19:17.317" status="PASS"></status>
</kw>
<kw library="LoginLibrary" name="Status Should Be">
<arguments>
<arg>SUCCESS</arg>
</arguments>
<status endtime="20170327 15:19:17.397" starttime="20170327 15:19:17.397" status="PASS"></status>
</kw>
<status endtime="20170327 15:19:17.397" starttime="20170327 15:19:17.317" status="PASS"></status>
</kw>
<kw library="LoginLibrary" name="Attempt To Login With Credentials">
<arguments>
<arg>betty</arg>
<arg>wrong</arg>
</arguments>
<status endtime="20170327 15:19:17.477" starttime="20170327 15:19:17.397" status="PASS"></status>
</kw>
<kw library="LoginLibrary" name="Status Should Be">
<arguments>
<arg>Access Denied</arg>
</arguments>
<status endtime="20170327 15:19:17.478" starttime="20170327 15:19:17.478" status="PASS"></status>
</kw>
<status critical="yes" endtime="20170327 15:19:17.478" starttime="20170327 15:19:17.316" status="PASS"></status>
</test>
<status endtime="20170327 15:19:17.483" starttime="20170327 15:19:17.110" status="PASS"></status>
</suite>
<statistics>
<total>
<stat fail="0" pass="2">Critical Tests</stat>
<stat fail="0" pass="2">All Tests</stat>
</total>
<tag>
</tag>
<suite>
<stat name="Mytest" id="s1" fail="0" pass="2">Mytest</stat>
</suite>
</statistics>
<errors>
</errors>
</robot>
